c:\users\amart\downloads\sfml_rpg-master\sfml_rpg-master\sfml_rpg\x64\debug\vc142.pdb
c:\users\amart\downloads\sfml_rpg-master\sfml_rpg-master\sfml_rpg\x64\debug\vc142.idb
c:\users\amart\downloads\sfml_rpg-master\sfml_rpg-master\sfml_rpg\x64\debug\gamestate.obj
c:\users\amart\downloads\sfml_rpg-master\sfml_rpg-master\sfml_rpg\x64\debug\game.obj
c:\users\amart\downloads\sfml_rpg-master\sfml_rpg-master\sfml_rpg\x64\debug\entity.obj
c:\users\amart\downloads\sfml_rpg-master\sfml_rpg-master\sfml_rpg\x64\debug\editorstate.obj
c:\users\amart\downloads\sfml_rpg-master\sfml_rpg-master\sfml_rpg\x64\debug\gui.obj
c:\users\amart\downloads\sfml_rpg-master\sfml_rpg-master\sfml_rpg\x64\debug\graphicssettings.obj
c:\users\amart\downloads\sfml_rpg-master\sfml_rpg-master\sfml_rpg\x64\debug\enemysystem.obj
c:\users\amart\downloads\sfml_rpg-master\sfml_rpg-master\sfml_rpg\x64\debug\enemyspawnertile.obj
c:\users\amart\downloads\sfml_rpg-master\sfml_rpg-master\sfml_rpg\x64\debug\enemyeditormode.obj
c:\users\amart\downloads\sfml_rpg-master\sfml_rpg-master\sfml_rpg\x64\debug\enemy.obj
c:\users\amart\downloads\sfml_rpg-master\sfml_rpg-master\sfml_rpg\x64\debug\editormode.obj
c:\users\amart\downloads\sfml_rpg-master\sfml_rpg-master\sfml_rpg\x64\debug\defaulteditormode.obj
c:\users\amart\downloads\sfml_rpg-master\sfml_rpg-master\sfml_rpg\x64\debug\charactertab.obj
c:\users\amart\downloads\sfml_rpg-master\sfml_rpg-master\sfml_rpg\x64\debug\bow.obj
c:\users\amart\downloads\sfml_rpg-master\sfml_rpg-master\sfml_rpg\x64\debug\bird1.obj
c:\users\amart\downloads\sfml_rpg-master\sfml_rpg-master\sfml_rpg\x64\debug\attributecomponent.obj
c:\users\amart\downloads\sfml_rpg-master\sfml_rpg-master\sfml_rpg\x64\debug\animationcomponent.obj
c:\users\amart\downloads\sfml_rpg-master\sfml_rpg-master\sfml_rpg\x64\debug\aioption.obj
c:\users\amart\downloads\sfml_rpg-master\sfml_rpg-master\sfml_rpg\x64\debug\aifollow.obj
c:\users\amart\downloads\sfml_rpg-master\sfml_rpg-master\sfml_rpg\x64\debug\aicomponent.obj
c:\users\amart\downloads\sfml_rpg-master\sfml_rpg-master\sfml_rpg\x64\debug\tab.obj
c:\users\amart\downloads\sfml_rpg-master\sfml_rpg-master\sfml_rpg\x64\debug\sword.obj
c:\users\amart\downloads\sfml_rpg-master\sfml_rpg-master\sfml_rpg\x64\debug\state.obj
c:\users\amart\downloads\sfml_rpg-master\sfml_rpg-master\sfml_rpg\x64\debug\settingsstate.obj
c:\users\amart\downloads\sfml_rpg-master\sfml_rpg-master\sfml_rpg\x64\debug\player.obj
c:\users\amart\downloads\sfml_rpg-master\sfml_rpg-master\sfml_rpg\x64\debug\stdafx.obj
c:\users\amart\downloads\sfml_rpg-master\sfml_rpg-master\sfml_rpg\x64\debug\skillcomponent.obj
c:\users\amart\downloads\sfml_rpg-master\sfml_rpg-master\sfml_rpg\x64\debug\regulartile.obj
c:\users\amart\downloads\sfml_rpg-master\sfml_rpg-master\sfml_rpg\x64\debug\rat.obj
c:\users\amart\downloads\sfml_rpg-master\sfml_rpg-master\sfml_rpg\x64\debug\rangedweapon.obj
c:\users\amart\downloads\sfml_rpg-master\sfml_rpg-master\sfml_rpg\x64\debug\playerguitabs.obj
c:\users\amart\downloads\sfml_rpg-master\sfml_rpg-master\sfml_rpg\x64\debug\playergui.obj
c:\users\amart\downloads\sfml_rpg-master\sfml_rpg-master\sfml_rpg\x64\debug\pausemenu.obj
c:\users\amart\downloads\sfml_rpg-master\sfml_rpg-master\sfml_rpg\x64\debug\movementcomponent.obj
c:\users\amart\downloads\sfml_rpg-master\sfml_rpg-master\sfml_rpg\x64\debug\meleeweapon.obj
c:\users\amart\downloads\sfml_rpg-master\sfml_rpg-master\sfml_rpg\x64\debug\mainmenustate.obj
c:\users\amart\downloads\sfml_rpg-master\sfml_rpg-master\sfml_rpg\x64\debug\main.obj
c:\users\amart\downloads\sfml_rpg-master\sfml_rpg-master\sfml_rpg\x64\debug\item.obj
c:\users\amart\downloads\sfml_rpg-master\sfml_rpg-master\sfml_rpg\x64\debug\inventory.obj
c:\users\amart\downloads\sfml_rpg-master\sfml_rpg-master\sfml_rpg\x64\debug\hitboxcomponent.obj
c:\users\amart\downloads\sfml_rpg-master\sfml_rpg-master\sfml_rpg\x64\debug\weapon.obj
c:\users\amart\downloads\sfml_rpg-master\sfml_rpg-master\sfml_rpg\x64\debug\vectormath.obj
c:\users\amart\downloads\sfml_rpg-master\sfml_rpg-master\sfml_rpg\x64\debug\tilemap.obj
c:\users\amart\downloads\sfml_rpg-master\sfml_rpg-master\sfml_rpg\x64\debug\tile.obj
c:\users\amart\downloads\sfml_rpg-master\sfml_rpg-master\sfml_rpg\x64\debug\texttagsystem.obj
c:\users\amart\downloads\sfml_rpg-master\sfml_rpg-master\sfml_rpg\x64\debug\sfml_rpg.ilk
c:\users\amart\downloads\sfml_rpg-master\sfml_rpg-master\x64\debug\sfml_rpg.exe
c:\users\amart\downloads\sfml_rpg-master\sfml_rpg-master\x64\debug\sfml_rpg.pdb
c:\users\amart\downloads\sfml_rpg-master\sfml_rpg-master\sfml_rpg\x64\debug\sfml_rpg.tlog\cl.command.1.tlog
c:\users\amart\downloads\sfml_rpg-master\sfml_rpg-master\sfml_rpg\x64\debug\sfml_rpg.tlog\cl.read.1.tlog
c:\users\amart\downloads\sfml_rpg-master\sfml_rpg-master\sfml_rpg\x64\debug\sfml_rpg.tlog\cl.write.1.tlog
c:\users\amart\downloads\sfml_rpg-master\sfml_rpg-master\sfml_rpg\x64\debug\sfml_rpg.tlog\link.command.1.tlog
c:\users\amart\downloads\sfml_rpg-master\sfml_rpg-master\sfml_rpg\x64\debug\sfml_rpg.tlog\link.read.1.tlog
c:\users\amart\downloads\sfml_rpg-master\sfml_rpg-master\sfml_rpg\x64\debug\sfml_rpg.tlog\link.write.1.tlog
